<?xml version="1.0" encoding="UTF-8"?>
<!-- Generated by org.testng.reporters.JUnitReportReporter -->
<testsuite hostname="LAPTOP-6O21N1MD" name="com.inetbanking.testcases.TC_AddCustomerTest_003" tests="1" failures="0" timestamp="13 Oct 2020 20:20:07 GMT" time="13.397" errors="0">
  <testcase name="addNewCustomer" time="13.397" classname="com.inetbanking.testcases.TC_AddCustomerTest_003"/>
</testsuite> <!-- com.inetbanking.testcases.TC_AddCustomerTest_003 -->
