<?xml version="1.0" encoding="UTF-8"?>
<!-- Generated by org.testng.reporters.JUnitReportReporter -->
<testsuite skipped="0" hostname="LAPTOP-6O21N1MD" name="com.inetbanking.testcases.TC_AddCustomerTest_003" tests="1" failures="0" timestamp="14 Oct 2020 15:23:08 GMT" time="13.532" errors="0">
  <testcase name="addNewCustomer" time="13.532" classname="com.inetbanking.testcases.TC_AddCustomerTest_003"/>
</testsuite> <!-- com.inetbanking.testcases.TC_AddCustomerTest_003 -->
